{"/Users/tanerakhan/Desktop/untitled folder/client/src/Components/ProductCard/index.js": {"path":"/Users/tanerakhan/Desktop/untitled folder/client/src/Components/ProductCard/index.js","statementMap":{"0":{"start":{"line":5,"column":20},"end":{"line":24,"column":1}},"1":{"start":{"line":6,"column":28},"end":{"line":6,"column":43}},"2":{"start":{"line":7,"column":4},"end":{"line":23,"column":6}},"3":{"start":{"line":10,"column":37},"end":{"line":10,"column":51}}},"fnMap":{"0":{"name":"(anonymous_0)","decl":{"start":{"line":5,"column":20},"end":{"line":5,"column":21}},"loc":{"start":{"line":5,"column":75},"end":{"line":24,"column":1}},"line":5},"1":{"name":"(anonymous_1)","decl":{"start":{"line":10,"column":31},"end":{"line":10,"column":32}},"loc":{"start":{"line":10,"column":37},"end":{"line":10,"column":51}},"line":10}},"branchMap":{"0":{"loc":{"start":{"line":10,"column":70},"end":{"line":10,"column":99}},"type":"cond-expr","locations":[{"start":{"line":10,"column":85},"end":{"line":10,"column":90}},{"start":{"line":10,"column":93},"end":{"line":10,"column":99}}],"line":10},"1":{"loc":{"start":{"line":10,"column":70},"end":{"line":10,"column":82}},"type":"binary-expr","locations":[{"start":{"line":10,"column":70},"end":{"line":10,"column":74}},{"start":{"line":10,"column":78},"end":{"line":10,"column":82}}],"line":10},"2":{"loc":{"start":{"line":12,"column":27},"end":{"line":12,"column":39}},"type":"binary-expr","locations":[{"start":{"line":12,"column":27},"end":{"line":12,"column":31}},{"start":{"line":12,"column":35},"end":{"line":12,"column":39}}],"line":12},"3":{"loc":{"start":{"line":18,"column":22},"end":{"line":18,"column":64}},"type":"binary-expr","locations":[{"start":{"line":18,"column":22},"end":{"line":18,"column":47}},{"start":{"line":18,"column":51},"end":{"line":18,"column":64}}],"line":18}},"s":{"0":1,"1":1,"2":1,"3":0},"f":{"0":1,"1":0},"b":{"0":[0,1],"1":[1,0],"2":[1,1],"3":[1,1]},"_coverageSchema":"1a1c01bbd47fc00a2c39e90264f33305004495a9","hash":"5bf5110066912b6ad62872d6ad289e5dbb153ceb"}
,"/Users/tanerakhan/Desktop/untitled folder/client/src/Components/ProductCard/style.js": {"path":"/Users/tanerakhan/Desktop/untitled folder/client/src/Components/ProductCard/style.js","statementMap":{"0":{"start":{"line":3,"column":25},"end":{"line":33,"column":1}},"1":{"start":{"line":35,"column":16},"end":{"line":66,"column":1}}},"fnMap":{},"branchMap":{},"s":{"0":1,"1":1},"f":{},"b":{},"_coverageSchema":"1a1c01bbd47fc00a2c39e90264f33305004495a9","hash":"b4e8a158e826f7eadc329858c12d0f38c4193e9e"}
,"/Users/tanerakhan/Desktop/untitled folder/client/src/Utils/seperator.js": {"path":"/Users/tanerakhan/Desktop/untitled folder/client/src/Utils/seperator.js","statementMap":{"0":{"start":{"line":1,"column":25},"end":{"line":8,"column":1}},"1":{"start":{"line":2,"column":4},"end":{"line":7,"column":17}}},"fnMap":{"0":{"name":"(anonymous_0)","decl":{"start":{"line":1,"column":25},"end":{"line":1,"column":26}},"loc":{"start":{"line":1,"column":44},"end":{"line":8,"column":1}},"line":1}},"branchMap":{"0":{"loc":{"start":{"line":2,"column":11},"end":{"line":7,"column":16}},"type":"cond-expr","locations":[{"start":{"line":3,"column":10},"end":{"line":6,"column":23}},{"start":{"line":7,"column":10},"end":{"line":7,"column":16}}],"line":2},"1":{"loc":{"start":{"line":2,"column":11},"end":{"line":2,"column":42}},"type":"binary-expr","locations":[{"start":{"line":2,"column":11},"end":{"line":2,"column":17}},{"start":{"line":2,"column":21},"end":{"line":2,"column":42}}],"line":2}},"s":{"0":1,"1":1},"f":{"0":1},"b":{"0":[1,0],"1":[1,1]},"_coverageSchema":"1a1c01bbd47fc00a2c39e90264f33305004495a9","hash":"7d052b0950ca44c4ee222fc015ca979dc04656ae"}
,"/Users/tanerakhan/Desktop/untitled folder/client/src/Utils/icons/index.js": {"path":"/Users/tanerakhan/Desktop/untitled folder/client/src/Utils/icons/index.js","statementMap":{"0":{"start":{"line":2,"column":24},"end":{"line":6,"column":1}},"1":{"start":{"line":3,"column":4},"end":{"line":5,"column":5}},"2":{"start":{"line":7,"column":25},"end":{"line":11,"column":1}},"3":{"start":{"line":8,"column":4},"end":{"line":10,"column":5}}},"fnMap":{"0":{"name":"(anonymous_0)","decl":{"start":{"line":2,"column":24},"end":{"line":2,"column":25}},"loc":{"start":{"line":2,"column":37},"end":{"line":6,"column":1}},"line":2},"1":{"name":"(anonymous_1)","decl":{"start":{"line":7,"column":25},"end":{"line":7,"column":26}},"loc":{"start":{"line":7,"column":31},"end":{"line":11,"column":1}},"line":7}},"branchMap":{},"s":{"0":1,"1":1,"2":1,"3":1},"f":{"0":1,"1":1},"b":{},"_coverageSchema":"1a1c01bbd47fc00a2c39e90264f33305004495a9","hash":"12df3e03b2a2b770c3c5efb907e8f02339c1cd74"}
}
